Verdi>restart
*Verdi* Loading libsscore_vcs202409.so
FSDB Dumper for VCS, Release Verdi_W-2024.09-SP2, Linux x86_64/64bit, 03/03/2025
(C) 1996 - 2025 by Synopsys, Inc.
*Verdi* FSDB WARNING: The FSDB file already exists. Overwriting the FSDB file may crash the programs that are using this file.
*Verdi* : Create FSDB file '/home/hedu14/AHN/0402_adder/inter.fsdb'
*Verdi* : Flush all FSDB Files at 0 ps.
*Verdi* : Enable RPC Server(4192584)
*Verdi* : Flush all FSDB Files at 0 ps.
Info: [VCS_SAVE_RESTORE_INFO] ASLR (Address Space Layout Randomization) is detected on the machine. To enable $save functionality, ASLR will be switched off and simv re-executed.
Please use '-no_save' simv switch to avoid re-execution or '-suppress=ASLR_DETECTED_INFO' to suppress this message.
Chronologic VCS simulator copyright 1991-2024
Contains Synopsys proprietary information.
Compiler version W-2024.09-SP1_Full64; Runtime version W-2024.09-SP1_Full64;  Apr  2 16:41 2026
Warning : License for product VCS-BASE-RUNTIME will expire within 20 days, on: 21-apr-2026.
If you would like to temporarily disable this message, set 
 the VCS_LIC_EXPIRE_WARNING environment variable to the number of days
before expiration that you want this message to start (the minimum is 0).
Verdi>run
*Verdi* WARNING: Env/runtime option has specified fsdbfile name as "/home/hedu14/AHN/0402_adder/inter.fsdb". Fsdbfile name in task "wave.fsdb" is ignored.
*Verdi* : Begin traversing the scopes, layer (0).
*Verdi* : End of traversing.

Stop point #1 @ 0 ps;  
Verdi>next
tb_adder.sv, 15 : 		b = 0;
Verdi>next
adder.sv, 6 : 	assign y = a + b;
Verdi>next
tb_adder.sv, 16 : 		#10;
Verdi>next
tb_adder.sv, 17 : 		$display("%0d + %0d = %0d", a, b, y);
Verdi>next
0 + 0 = 0
tb_adder.sv, 19 : 		a = 10;
Verdi>next
tb_adder.sv, 20 : 		b = 20;
Verdi>next
adder.sv, 6 : 	assign y = a + b;
Verdi>next
tb_adder.sv, 21 : 		#10;
Verdi>next
tb_adder.sv, 22 : 		$display("%0d + %0d = %0d", a, b, y);
Verdi>next
10 + 20 = 30
tb_adder.sv, 24 : 		a = 30;
Verdi>next
tb_adder.sv, 25 : 		b = 20;
Verdi>next
adder.sv, 6 : 	assign y = a + b;
Verdi>next
tb_adder.sv, 26 : 		#10;
Verdi>next
tb_adder.sv, 27 : 		$display("%0d + %0d = %0d", a, b, y);
Verdi>next
30 + 20 = 50
tb_adder.sv, 29 : 		a = 8;
Verdi>next
tb_adder.sv, 30 : 		b = 1;
Verdi>next
adder.sv, 6 : 	assign y = a + b;
Verdi>next
tb_adder.sv, 31 : 		#10;
Verdi>next
tb_adder.sv, 32 : 		$display("%0d + %0d = %0d", a, b, y);
Verdi>next
8 + 1 = 9
tb_adder.sv, 34 : 		a = 11;
Verdi>next
tb_adder.sv, 35 : 		b = 9;
Verdi>next
adder.sv, 6 : 	assign y = a + b;
Verdi>next
tb_adder.sv, 36 : 		#10;
Verdi>next
tb_adder.sv, 37 : 		$display("%0d + %0d = %0d", a, b, y);
Verdi>next
11 + 9 = 20
tb_adder.sv, 39 : 		a =99;
Verdi>next
tb_adder.sv, 40 : 		b = 100;
Verdi>next
adder.sv, 6 : 	assign y = a + b;
Verdi>next
tb_adder.sv, 41 : 		#10;
Verdi>next
tb_adder.sv, 42 : 		$display("%0d + %0d = %0d", a, b, y);
Verdi>next
99 + 100 = 199
tb_adder.sv, 44 : 		#10;
           V C S   S i m u l a t i o n   R e p o r t 
Time: 60000 ps
CPU Time:      0.100 seconds;       Data structure size:   0.0Mb
Thu Apr  2 16:54:21 2026
debExit
